2022/08/03 13:37:57 [error] [exception.CDbException] CDbException: CDbConnection failed to open the DB connection: could not find driver in C:\Users\Pedro\yii\framework\db\CDbConnection.php:399
Stack trace:
#0 C:\Users\Pedro\yii\framework\db\CDbConnection.php(347): CDbConnection->open()
#1 C:\Users\Pedro\yii\framework\db\CDbConnection.php(325): CDbConnection->setActive(true)
#2 C:\Users\Pedro\yii\framework\base\CModule.php(394): CDbConnection->init()
#3 C:\Users\Pedro\yii\framework\base\CModule.php(103): CModule->getComponent('db')
#4 C:\Users\Pedro\yii\framework\gii\generators\crud\CrudCode.php(44): CModule->__get('db')
#5 C:\Users\Pedro\yii\framework\web\CFormModel.php(39): CrudCode->init()
#6 C:\Users\Pedro\yii\framework\gii\CCodeGenerator.php(153): CFormModel->__construct()
#7 C:\Users\Pedro\yii\framework\gii\CCodeGenerator.php(63): CCodeGenerator->prepare()
#8 C:\Users\Pedro\yii\framework\web\actions\CInlineAction.php(49): CCodeGenerator->actionIndex()
#9 C:\Users\Pedro\yii\framework\web\CController.php(308): CInlineAction->runWithParams(Array)
#10 C:\Users\Pedro\yii\framework\web\CController.php(286): CController->runAction(Object(CInlineAction))
#11 C:\Users\Pedro\yii\framework\web\CController.php(265): CController->runActionWithFilters(Object(CInlineAction), Array)
#12 C:\Users\Pedro\yii\framework\web\CWebApplication.php(282): CController->run('index')
#13 C:\Users\Pedro\yii\framework\web\CWebApplication.php(141): CWebApplication->runController('gii/crud/index')
#14 C:\Users\Pedro\yii\framework\base\CApplication.php(185): CWebApplication->processRequest()
#15 C:\blog-conexa\index.php(13): CApplication->run()
#16 {main}
REQUEST_URI=/index.php?r=gii/crud/index
HTTP_REFERER=http://localhost:8080/index.php?r=gii
---
2022/08/03 13:38:52 [error] [system.db.CDbCommand] CDbCommand::fetchAll() failed: SQLSTATE[42S02]: Base table or view not found: 1146 Table 'blogconexa.post' doesn't exist. The SQL statement executed was: SHOW FULL COLUMNS FROM `Post`.
in C:\blog-conexa\index.php (13)
2022/08/03 13:39:07 [error] [system.db.CDbCommand] CDbCommand::fetchAll() failed: SQLSTATE[42S02]: Base table or view not found: 1146 Table 'blogconexa.post' doesn't exist. The SQL statement executed was: SHOW FULL COLUMNS FROM `Post`.
in C:\blog-conexa\index.php (13)
